#
# A fatal error has been detected by the Java Runtime Environment:
#
#  SIGSEGV (0xb) at pc=0x00000001173333bf, pid=89927, tid=0x000000000000da07
#
# JRE version: Java(TM) SE Runtime Environment (8.0_131-b11) (build 1.8.0_131-b11)
# Java VM: Java HotSpot(TM) 64-Bit Server VM (25.131-b11 mixed mode bsd-amd64 compressed oops)
# Problematic frame:
# C  [libawt_lwawt.dylib+0x1c3bf]  OGLSD_SetScratchSurface+0x49
#
# Failed to write core dump. Core dumps have been disabled. To enable core dumping, try "ulimit -c unlimited" before starting Java again
#
# If you would like to submit a bug report, please visit:
#   http://bugreport.java.com/bugreport/crash.jsp
# The crash happened outside the Java Virtual Machine in native code.
# See problematic frame for where to report the bug.
#

---------------  T H R E A D  ---------------

Current thread (0x00007fc370ae5000):  JavaThread "Java2D Queue Flusher" daemon [_thread_in_native, id=55815, stack(0x000070000896e000,0x0000700008b6e000)]

siginfo: si_signo: 11 (SIGSEGV), si_code: 1 (SEGV_MAPERR), si_addr: 0x0000000000000002

Registers:
RAX=0x00000000ffffffff, RBX=0x0000000000000002, RCX=0x0000000000000047, RDX=0x0000000117354258
RSP=0x0000700008b6d810, RBP=0x0000700008b6d830, RSI=0x00007fc36605f7a0, RDI=0x00007fc370ae51f8
R8 =0x00000000e8247a57, R9 =0x0000000000000000, R10=0x000000011a324938, R11=0x0000000000000020
R12=0x0000000000000000, R13=0x000000074123d328, R14=0x00007fc370ae51f8, R15=0x00007fc370ae5000
RIP=0x00000001173333bf, EFLAGS=0x0000000000010202, ERR=0x0000000000000004
  TRAPNO=0x000000000000000e

Top of Stack: (sp=0x0000700008b6d810)
0x0000700008b6d810:   00007fc36605f7a0 0000000000000000
0x0000700008b6d820:   00007fc3713b9010 00007fc370ae5000
0x0000700008b6d830:   0000700008b6d8b0 0000000117353d36
0x0000700008b6d840:   0000000000000064 00007fc3705a9358
0x0000700008b6d850:   0000700008b6d8b0 000000010e150094
0x0000700008b6d860:   0000000000000005 00007fc370ae5000
0x0000700008b6d870:   000000074123d301 00007fc3713b9020
0x0000700008b6d880:   0000700000b6d800 00007fc370ae51f8
0x0000700008b6d890:   0000000000000000 0000000000000000
0x0000700008b6d8a0:   0000700008b6d908 00007fc370ae5000
0x0000700008b6d8b0:   0000700008b6d900 000000011a3249aa
0x0000700008b6d8c0:   000000074123d2a0 0000000741474dc8
0x0000700008b6d8d0:   000000012debf028 0000000000000000
0x0000700008b6d8e0:   0000000000000001 0000000000000000
0x0000700008b6d8f0:   0000700008b6d910 0000000000000000
0x0000700008b6d900:   00000000e8247a54 000000011d533d94
0x0000700008b6d910:   000000074123d2a0 0000000000000000
0x0000700008b6d920:   000000074123d328 0000000700000000
0x0000700008b6d930:   000000074123d328 0000700008b6d9d0
0x0000700008b6d940:   0000000000000001 0000000000000000
0x0000700008b6d950:   0000700008b6d9d0 00000001193be7a7
0x0000700008b6d960:   00000007414f74e0 00000007414f74e0
0x0000700008b6d970:   0000700000001fa0 000000000000000a
0x0000700008b6d980:   00007fc370ae5000 0000000000000001
0x0000700008b6d990:   00000001193be71f 00000001143ef3e8
0x0000700008b6d9a0:   0000700008b6da68 0000700008b6dd00
0x0000700008b6d9b0:   000000010000000a 00000001143ef3e8
0x0000700008b6d9c0:   00000001193d1120 0000700008b6dc70
0x0000700008b6d9d0:   0000700008b6db80 000000010e0ee5b6
0x0000700008b6d9e0:   0000700000000001 00007fc370ae5000
0x0000700008b6d9f0:   00007fc370ae5000 0000700008b6dd00
0x0000700008b6da00:   00007fc3705a9350 00000001193d1120 

Instructions: (pc=0x00000001173333bf)
0x000000011733339f:   c0 e9 82 00 00 00 48 8b 5e 10 48 85 db 75 0e bf
0x00000001173333af:   01 00 00 00 48 8d 15 07 7c 03 00 eb d6 49 89 fe
0x00000001173333bf:   4c 8b 3b 30 c0 e8 c1 a6 02 00 49 8b 3f 49 89 c4
0x00000001173333cf:   48 8b 35 4a 03 06 00 30 c0 e8 0f a8 02 00 48 85 

Register to memory mapping:

RAX=0x00000000ffffffff is an unknown value
RBX=0x0000000000000002 is an unknown value
RCX=0x0000000000000047 is an unknown value
RDX=0x0000000117354258: Java_sun_java2d_opengl_OGLRenderQueue_flushBuffer+0xb5c in /Library/Java/JavaVirtualMachines/jdk1.8.0_131.jdk/Contents/Home/jre/lib/libawt_lwawt.dylib at 0x0000000117317000
RSP=0x0000700008b6d810 is pointing into the stack for thread: 0x00007fc370ae5000
RBP=0x0000700008b6d830 is pointing into the stack for thread: 0x00007fc370ae5000
RSI=0x00007fc36605f7a0 is an unknown value
RDI=0x00007fc370ae51f8 is an unknown value
R8 =0x00000000e8247a57 is an unknown value
R9 =0x0000000000000000 is an unknown value
R10=0x000000011a324938 is at entry_point+56 in (nmethod*)0x000000011a324790
R11=0x0000000000000020 is an unknown value
R12=0x0000000000000000 is an unknown value
R13=0x000000074123d328 is an oop
sun.java2d.opengl.OGLRenderQueue$QueueFlusher 
 - klass: 'sun/java2d/opengl/OGLRenderQueue$QueueFlusher'
R14=0x00007fc370ae51f8 is an unknown value
R15=0x00007fc370ae5000 is a thread


Stack: [0x000070000896e000,0x0000700008b6e000],  sp=0x0000700008b6d810,  free space=2046k
Native frames: (J=compiled Java code, j=interpreted, Vv=VM code, C=native code)
C  [libawt_lwawt.dylib+0x1c3bf]  OGLSD_SetScratchSurface+0x49
C  [libawt_lwawt.dylib+0x3cd36]  Java_sun_java2d_opengl_OGLRenderQueue_flushBuffer+0x63a
J 6779  sun.java2d.opengl.OGLRenderQueue.flushBuffer(JI)V (0 bytes) @ 0x000000011a3249aa [0x000000011a324900+0xaa]
J 27047% C2 sun.java2d.opengl.OGLRenderQueue$QueueFlusher.run()V (234 bytes) @ 0x000000011d533d94 [0x000000011d533cc0+0xd4]
v  ~StubRoutines::call_stub
V  [libjvm.dylib+0x2ee5b6]
V  [libjvm.dylib+0x2eed5a]
V  [libjvm.dylib+0x2eef06]
V  [libjvm.dylib+0x34965d]
V  [libjvm.dylib+0x56b87f]
V  [libjvm.dylib+0x56cf6c]
V  [libjvm.dylib+0x48b376]
C  [libsystem_pthread.dylib+0x393b]  _pthread_body+0xb4
C  [libsystem_pthread.dylib+0x3887]  _pthread_body+0x0
C  [libsystem_pthread.dylib+0x308d]  thread_start+0xd
C  0x0000000000000000

Java frames: (J=compiled Java code, j=interpreted, Vv=VM code)
J 6779  sun.java2d.opengl.OGLRenderQueue.flushBuffer(JI)V (0 bytes) @ 0x000000011a324938 [0x000000011a324900+0x38]
J 27047% C2 sun.java2d.opengl.OGLRenderQueue$QueueFlusher.run()V (234 bytes) @ 0x000000011d533d94 [0x000000011d533cc0+0xd4]
v  ~StubRoutines::call_stub

---------------  P R O C E S S  ---------------

Java Threads: ( => current thread )
  0x00007fc372303800 JavaThread "Inactive RequestProcessor thread [Was:org.remikz.netbeans.AutoSaveModified.AutoSaveModified/org.remikz.netbeans.AutoSaveModified.AutoSaveModified]" daemon [_thread_blocked, id=99795, stack(0x0000700009603000,0x0000700009803000)]
  0x00007fc37ee9f000 JavaThread "Refresh-After-WindowActivated" daemon [_thread_in_Java, id=78687, stack(0x0000700009400000,0x0000700009600000)]
  0x00007fc37730e800 JavaThread "DestroyJavaVM" [_thread_blocked, id=6915, stack(0x00007000068a9000,0x0000700006aa9000)]
  0x00007fc377b50800 JavaThread "TimerQueue" daemon [_thread_blocked, id=80899, stack(0x000070000ae27000,0x000070000b027000)]
  0x00007fc3714a4000 JavaThread "Worker-JM" [_thread_blocked, id=80395, stack(0x000070000ac24000,0x000070000ae24000)]
  0x00007fc37207e000 JavaThread "Framework Event Dispatcher" daemon [_thread_blocked, id=76803, stack(0x000070000aa21000,0x000070000ac21000)]
  0x00007fc370c06800 JavaThread "Deadlock Detector" [_thread_blocked, id=76327, stack(0x000070000a81e000,0x000070000aa1e000)]
  0x00007fc371e20000 JavaThread "Thread-3" daemon [_thread_blocked, id=76019, stack(0x000070000a61b000,0x000070000a81b000)]
  0x00007fc3711ce800 JavaThread "File Watcher" daemon [_thread_blocked, id=75283, stack(0x000070000a418000,0x000070000a618000)]
  0x00007fc3708e5800 JavaThread "Thread-1" daemon [_thread_in_native, id=73339, stack(0x000070000a215000,0x000070000a415000)]
  0x00007fc376bb2800 JavaThread "Editor Parsing Loop (netbeans-release-428-on-20190716)" daemon [_thread_blocked, id=72715, stack(0x000070000a012000,0x000070000a212000)]
  0x00007fc376b62000 JavaThread "State Data Manager" daemon [_thread_blocked, id=69363, stack(0x00007000091fd000,0x00007000093fd000)]
  0x00007fc370e9f000 JavaThread "Framework Active Thread" [_thread_blocked, id=68847, stack(0x0000700008ffa000,0x00007000091fa000)]
  0x00007fc371346800 JavaThread "AWT-EventQueue-0" [_thread_blocked, id=63495, stack(0x0000700008d74000,0x0000700008f74000)]
  0x00007fc3718fb800 JavaThread "Java2D Disposer" daemon [_thread_blocked, id=62987, stack(0x0000700008b71000,0x0000700008d71000)]
=>0x00007fc370ae5000 JavaThread "Java2D Queue Flusher" daemon [_thread_in_native, id=55815, stack(0x000070000896e000,0x0000700008b6e000)]
  0x00007fc370aa0000 JavaThread "RequestProcessor queue manager" daemon [_thread_blocked, id=55299, stack(0x000070000876b000,0x000070000896b000)]
  0x00007fc3712e2800 JavaThread "AWT-Shutdown" [_thread_blocked, id=30495, stack(0x00007000080df000,0x00007000082df000)]
  0x00007fc37130b000 JavaThread "AppKit Thread" daemon [_thread_in_native, id=775, stack(0x00007fff51e92000,0x00007fff52692000)]
  0x00007fc370a46000 JavaThread "CLI Requests Server" daemon [_thread_in_native, id=20227, stack(0x0000700007e59000,0x0000700008059000)]
  0x00007fc370914000 JavaThread "Active Reference Queue Daemon" daemon [_thread_blocked, id=19715, stack(0x0000700007c56000,0x0000700007e56000)]
  0x00007fc37082c000 JavaThread "Service Thread" daemon [_thread_blocked, id=18691, stack(0x0000700007950000,0x0000700007b50000)]
  0x00007fc371053800 JavaThread "C1 CompilerThread2" daemon [_thread_blocked, id=18179, stack(0x000070000784d000,0x000070000794d000)]
  0x00007fc371052800 JavaThread "C2 CompilerThread1" daemon [_thread_blocked, id=17667, stack(0x000070000774a000,0x000070000784a000)]
  0x00007fc371802000 JavaThread "C2 CompilerThread0" daemon [_thread_blocked, id=17155, stack(0x0000700007647000,0x0000700007747000)]
  0x00007fc37080b000 JavaThread "Signal Dispatcher" daemon [_thread_blocked, id=16643, stack(0x0000700007444000,0x0000700007644000)]
  0x00007fc37104d000 JavaThread "Finalizer" daemon [_thread_blocked, id=12291, stack(0x00007000071be000,0x00007000073be000)]
  0x00007fc37081c800 JavaThread "Reference Handler" daemon [_thread_blocked, id=11779, stack(0x0000700006fbb000,0x00007000071bb000)]

Other Threads:
  0x00007fc37200a800 VMThread [stack: 0x0000700006eb8000,0x0000700006fb8000] [id=11267]
  0x00007fc371058000 WatcherThread [stack: 0x0000700007b53000,0x0000700007c53000] [id=19203]

VM state:not at safepoint (normal execution)

VM Mutex/Monitor currently owned by a thread: None

Heap:
 PSYoungGen      total 642560K, used 47508K [0x0000000795580000, 0x00000007bfe00000, 0x00000007c0000000)
  eden space 622080K, 4% used [0x0000000795580000,0x0000000797032d48,0x00000007bb500000)
  from space 20480K, 98% used [0x00000007bb500000,0x00000007bc8b2458,0x00000007bc900000)
  to   space 36864K, 0% used [0x00000007bda00000,0x00000007bda00000,0x00000007bfe00000)
 ParOldGen       total 949760K, used 711085K [0x0000000740000000, 0x0000000779f80000, 0x0000000795580000)
  object space 949760K, 74% used [0x0000000740000000,0x000000076b66b680,0x0000000779f80000)
 Metaspace       used 171891K, capacity 193095K, committed 193944K, reserved 1216512K
  class space    used 21723K, capacity 27413K, committed 27568K, reserved 1048576K

Card table byte_map: [0x000000010f1a9000,0x000000010f5aa000] byte_map_base: 0x000000010b7a9000

Marking Bits: (ParMarkBitMap*) 0x000000010e6f1ea0
 Begin Bits: [0x000000010f855000, 0x0000000111855000)
 End Bits:   [0x0000000111855000, 0x0000000113855000)

Polling page: 0x000000010d5f9000

CodeCache: size=245760Kb used=132032Kb max_used=132073Kb free=113728Kb
 bounds [0x00000001193be000, 0x0000000121a3e000, 0x00000001283be000]
 total_blobs=28815 nmethods=27798 adapters=924
 compilation: enabled

Compilation events (10 events):
Event: 1424243.979 Thread 0x00007fc371802000 58229       4       org.openide.util.actions.CallbackSystemAction$GlobalManager::resultChanged (267 bytes)
Event: 1424244.510 Thread 0x00007fc371802000 nmethod 58229 0x0000000119d3bf10 code [0x0000000119d3c320, 0x0000000119d3e158]
Event: 1424642.564 Thread 0x00007fc371053800 58230       3       sun.misc.Unsafe::getAndAddInt (27 bytes)
Event: 1424642.567 Thread 0x00007fc371053800 nmethod 58230 0x0000000119a30850 code [0x0000000119a309c0, 0x0000000119a30bd0]
Event: 1424668.384 Thread 0x00007fc371053800 58231       3       javax.swing.tree.DefaultTreeModel::fireTreeStructureChanged (77 bytes)
Event: 1424668.435 Thread 0x00007fc371053800 nmethod 58231 0x000000011c8ce150 code [0x000000011c8ce360, 0x000000011c8ced98]
Event: 1424918.690 Thread 0x00007fc371052800 58232       4       org.netbeans.modules.csl.core.AbstractTaskFactory::create (42 bytes)
Event: 1424918.741 Thread 0x00007fc371052800 nmethod 58232 0x000000011a04f950 code [0x000000011a04fae0, 0x000000011a050008]
Event: 1425192.254 Thread 0x00007fc371053800 58233       3       org.openide.windows.TopComponent$5::getAccessibleRole (4 bytes)
Event: 1425192.293 Thread 0x00007fc371053800 nmethod 58233 0x000000011c60ea90 code [0x000000011c60ec00, 0x000000011c60ed50]

GC Heap History (10 events):
Event: 1377960.343 GC heap before
{Heap before GC invocations=1778 (full 9):
 PSYoungGen      total 667136K, used 667123K [0x0000000795580000, 0x00000007c0000000, 0x00000007c0000000)
  eden space 641536K, 100% used [0x0000000795580000,0x00000007bc800000,0x00000007bc800000)
  from space 25600K, 99% used [0x00000007be680000,0x00000007bff7cc80,0x00000007bff80000)
  to   space 28672K, 0% used [0x00000007bc800000,0x00000007bc800000,0x00000007be400000)
 ParOldGen       total 949760K, used 706547K [0x0000000740000000, 0x0000000779f80000, 0x0000000795580000)
  object space 949760K, 74% used [0x0000000740000000,0x000000076b1fcfb8,0x0000000779f80000)
 Metaspace       used 171886K, capacity 193089K, committed 193944K, reserved 1216512K
  class space    used 21722K, capacity 27412K, committed 27568K, reserved 1048576K
Event: 1377960.590 GC heap after
Heap after GC invocations=1778 (full 9):
 PSYoungGen      total 670208K, used 28668K [0x0000000795580000, 0x00000007c0000000, 0x00000007c0000000)
  eden space 641536K, 0% used [0x0000000795580000,0x0000000795580000,0x00000007bc800000)
  from space 28672K, 99% used [0x00000007bc800000,0x00000007be3ff258,0x00000007be400000)
  to   space 28672K, 0% used [0x00000007be400000,0x00000007be400000,0x00000007c0000000)
 ParOldGen       total 949760K, used 708596K [0x0000000740000000, 0x0000000779f80000, 0x0000000795580000)
  object space 949760K, 74% used [0x0000000740000000,0x000000076b3fd0c8,0x0000000779f80000)
 Metaspace       used 171886K, capacity 193089K, committed 193944K, reserved 1216512K
  class space    used 21722K, capacity 27412K, committed 27568K, reserved 1048576K
}
Event: 1378182.365 GC heap before
{Heap before GC invocations=1779 (full 9):
 PSYoungGen      total 670208K, used 670204K [0x0000000795580000, 0x00000007c0000000, 0x00000007c0000000)
  eden space 641536K, 100% used [0x0000000795580000,0x00000007bc800000,0x00000007bc800000)
  from space 28672K, 99% used [0x00000007bc800000,0x00000007be3ff258,0x00000007be400000)
  to   space 28672K, 0% used [0x00000007be400000,0x00000007be400000,0x00000007c0000000)
 ParOldGen       total 949760K, used 708596K [0x0000000740000000, 0x0000000779f80000, 0x0000000795580000)
  object space 949760K, 74% used [0x0000000740000000,0x000000076b3fd0c8,0x0000000779f80000)
 Metaspace       used 171886K, capacity 193089K, committed 193944K, reserved 1216512K
  class space    used 21722K, capacity 27412K, committed 27568K, reserved 1048576K
Event: 1378182.458 GC heap after
Heap after GC invocations=1779 (full 9):
 PSYoungGen      total 656896K, used 28649K [0x0000000795580000, 0x00000007c0000000, 0x00000007c0000000)
  eden space 628224K, 0% used [0x0000000795580000,0x0000000795580000,0x00000007bbb00000)
  from space 28672K, 99% used [0x00000007be400000,0x00000007bfffa5c8,0x00000007c0000000)
  to   space 35328K, 0% used [0x00000007bbb00000,0x00000007bbb00000,0x00000007bdd80000)
 ParOldGen       total 949760K, used 709876K [0x0000000740000000, 0x0000000779f80000, 0x0000000795580000)
  object space 949760K, 74% used [0x0000000740000000,0x000000076b53d2c8,0x0000000779f80000)
 Metaspace       used 171886K, capacity 193089K, committed 193944K, reserved 1216512K
  class space    used 21722K, capacity 27412K, committed 27568K, reserved 1048576K
}
Event: 1378394.617 GC heap before
{Heap before GC invocations=1780 (full 9):
 PSYoungGen      total 656896K, used 656873K [0x0000000795580000, 0x00000007c0000000, 0x00000007c0000000)
  eden space 628224K, 100% used [0x0000000795580000,0x00000007bbb00000,0x00000007bbb00000)
  from space 28672K, 99% used [0x00000007be400000,0x00000007bfffa5c8,0x00000007c0000000)
  to   space 35328K, 0% used [0x00000007bbb00000,0x00000007bbb00000,0x00000007bdd80000)
 ParOldGen       total 949760K, used 709876K [0x0000000740000000, 0x0000000779f80000, 0x0000000795580000)
  object space 949760K, 74% used [0x0000000740000000,0x000000076b53d2c8,0x0000000779f80000)
 Metaspace       used 171890K, capacity 193095K, committed 193944K, reserved 1216512K
  class space    used 21723K, capacity 27413K, committed 27568K, reserved 1048576K
Event: 1378394.685 GC heap after
Heap after GC invocations=1780 (full 9):
 PSYoungGen      total 658432K, used 29981K [0x0000000795580000, 0x00000007c0000000, 0x00000007c0000000)
  eden space 628224K, 0% used [0x0000000795580000,0x0000000795580000,0x00000007bbb00000)
  from space 30208K, 99% used [0x00000007bbb00000,0x00000007bd8474a0,0x00000007bd880000)
  to   space 37376K, 0% used [0x00000007bdb80000,0x00000007bdb80000,0x00000007c0000000)
 ParOldGen       total 949760K, used 711085K [0x0000000740000000, 0x0000000779f80000, 0x0000000795580000)
  object space 949760K, 74% used [0x0000000740000000,0x000000076b66b680,0x0000000779f80000)
 Metaspace       used 171890K, capacity 193095K, committed 193944K, reserved 1216512K
  class space    used 21723K, capacity 27413K, committed 27568K, reserved 1048576K
}
Event: 1385341.777 GC heap before
{Heap before GC invocations=1781 (full 9):
 PSYoungGen      total 658432K, used 658205K [0x0000000795580000, 0x00000007c0000000, 0x00000007c0000000)
  eden space 628224K, 100% used [0x0000000795580000,0x00000007bbb00000,0x00000007bbb00000)
  from space 30208K, 99% used [0x00000007bbb00000,0x00000007bd8474a0,0x00000007bd880000)
  to   space 37376K, 0% used [0x00000007bdb80000,0x00000007bdb80000,0x00000007c0000000)
 ParOldGen       total 949760K, used 711085K [0x0000000740000000, 0x0000000779f80000, 0x0000000795580000)
  object space 949760K, 74% used [0x0000000740000000,0x000000076b66b680,0x0000000779f80000)
 Metaspace       used 171890K, capacity 193095K, committed 193944K, reserved 1216512K
  class space    used 21723K, capacity 27413K, committed 27568K, reserved 1048576K
Event: 1385342.385 GC heap after
Heap after GC invocations=1781 (full 9):
 PSYoungGen      total 659456K, used 27069K [0x0000000795580000, 0x00000007c0000000, 0x00000007c0000000)
  eden space 622080K, 0% used [0x0000000795580000,0x0000000795580000,0x00000007bb500000)
  from space 37376K, 72% used [0x00000007bdb80000,0x00000007bf5ef600,0x00000007c0000000)
  to   space 38400K, 0% used [0x00000007bb500000,0x00000007bb500000,0x00000007bda80000)
 ParOldGen       total 949760K, used 711085K [0x0000000740000000, 0x0000000779f80000, 0x0000000795580000)
  object space 949760K, 74% used [0x0000000740000000,0x000000076b66b680,0x0000000779f80000)
 Metaspace       used 171890K, capacity 193095K, committed 193944K, reserved 1216512K
  class space    used 21723K, capacity 27413K, committed 27568K, reserved 1048576K
}
Event: 1425194.260 GC heap before
{Heap before GC invocations=1782 (full 9):
 PSYoungGen      total 659456K, used 649149K [0x0000000795580000, 0x00000007c0000000, 0x00000007c0000000)
  eden space 622080K, 100% used [0x0000000795580000,0x00000007bb500000,0x00000007bb500000)
  from space 37376K, 72% used [0x00000007bdb80000,0x00000007bf5ef600,0x00000007c0000000)
  to   space 38400K, 0% used [0x00000007bb500000,0x00000007bb500000,0x00000007bda80000)
 ParOldGen       total 949760K, used 711085K [0x0000000740000000, 0x0000000779f80000, 0x0000000795580000)
  object space 949760K, 74% used [0x0000000740000000,0x000000076b66b680,0x0000000779f80000)
 Metaspace       used 171891K, capacity 193095K, committed 193944K, reserved 1216512K
  class space    used 21723K, capacity 27413K, committed 27568K, reserved 1048576K
Event: 1425195.008 GC heap after
Heap after GC invocations=1782 (full 9):
 PSYoungGen      total 642560K, used 20169K [0x0000000795580000, 0x00000007bfe00000, 0x00000007c0000000)
  eden space 622080K, 0% used [0x0000000795580000,0x0000000795580000,0x00000007bb500000)
  from space 20480K, 98% used [0x00000007bb500000,0x00000007bc8b2458,0x00000007bc900000)
  to   space 36864K, 0% used [0x00000007bda00000,0x00000007bda00000,0x00000007bfe00000)
 ParOldGen       total 949760K, used 711085K [0x0000000740000000, 0x0000000779f80000, 0x0000000795580000)
  object space 949760K, 74% used [0x0000000740000000,0x000000076b66b680,0x0000000779f80000)
 Metaspace       used 171891K, capacity 193095K, committed 193944K, reserved 1216512K
  class space    used 21723K, capacity 27413K, committed 27568K, reserved 1048576K
}

Deoptimization events (10 events):
Event: 1342855.327 Thread 0x00007fc371346800 Uncommon trap: reason=unstable_if action=reinterpret pc=0x000000011b0e3e54 method=java.util.Calendar.aggregateStamp(II)I @ 12
Event: 1342855.328 Thread 0x00007fc371346800 Uncommon trap: reason=unstable_if action=reinterpret pc=0x000000012132dee4 method=java.util.GregorianCalendar.computeTime()V @ 209
Event: 1342855.558 Thread 0x00007fc371346800 Uncommon trap: reason=unstable_if action=reinterpret pc=0x000000012151ea84 method=java.awt.AWTEvent.setSource(Ljava/lang/Object;)V @ 31
Event: 1342855.559 Thread 0x00007fc371346800 Uncommon trap: reason=unstable_if action=reinterpret pc=0x000000011f2e1c90 method=java.awt.DefaultKeyboardFocusManager.dispatchKeyEvent(Ljava/awt/event/KeyEvent;)Z @ 27
Event: 1342855.617 Thread 0x00007fc371346800 Uncommon trap: reason=unstable_if action=reinterpret pc=0x000000011d0b0360 method=java.awt.AWTEvent.setSource(Ljava/lang/Object;)V @ 31
Event: 1342916.641 Thread 0x00007fc371346800 Uncommon trap: reason=unstable_if action=reinterpret pc=0x000000011cb465a8 method=org.netbeans.editor.StatusBar.propertyChange(Ljava/beans/PropertyChangeEvent;)V @ 306
Event: 1363438.792 Thread 0x00007fc371346800 Uncommon trap: reason=null_check action=make_not_entrant pc=0x0000000120075084 method=org.openide.util.actions.CallbackSystemAction$GlobalManager.resultChanged(Lorg/openide/util/LookupEvent;)V @ 131
Event: 1365068.127 Thread 0x00007fc371346800 Uncommon trap: reason=unstable_if action=reinterpret pc=0x000000011e9e9f40 method=org.netbeans.modules.editor.lib2.view.DocumentViewOp.mouseWheelMoved(Ljava/awt/event/MouseWheelEvent;Lorg/netbeans/modules/editor/lib2/view/DocumentViewOp$MouseWheelDelegato
Event: 1377850.822 Thread 0x00007fc371346800 Uncommon trap: reason=bimorphic action=maybe_recompile pc=0x000000011a7641cc method=javax.swing.text.FlowView$LogicalView.getMinimumSpan(I)F @ 37
Event: 1378469.096 Thread 0x00007fc377b50800 Uncommon trap: reason=unstable_if action=reinterpret pc=0x000000011f9f6754 method=java.util.concurrent.locks.AbstractQueuedSynchronizer.transferAfterCancelledWait(Ljava/util/concurrent/locks/AbstractQueuedSynchronizer$Node;)Z @ 7

Internal exceptions (10 events):
Event: 1379393.828 Thread 0x00007fc37eabb800 Exception <a 'sun/nio/fs/UnixException'> (0x00000007b5b79e10) thrown at [/Users/java_re/workspace/8-2-build-macosx-x86_64/jdk8u131/8869/hotspot/src/share/vm/prims/jni.cpp, line 709]
Event: 1379393.828 Thread 0x00007fc37eabb800 Exception <a 'sun/nio/fs/UnixException'> (0x00000007b5b7aa70) thrown at [/Users/java_re/workspace/8-2-build-macosx-x86_64/jdk8u131/8869/hotspot/src/share/vm/prims/jni.cpp, line 709]
Event: 1379393.829 Thread 0x00007fc37eabb800 Exception <a 'java/io/FileNotFoundException'> (0x00000007b5b7f148) thrown at [/Users/java_re/workspace/8-2-build-macosx-x86_64/jdk8u131/8869/hotspot/src/share/vm/prims/jni.cpp, line 709]
Event: 1385342.407 Thread 0x00007fc37104d000 Implicit null exception at 0x00000001199a5e74 to 0x00000001199a6056
Event: 1385342.408 Thread 0x00007fc37104d000 Exception <a 'java/lang/NullPointerException'> (0x0000000795c33ce0) thrown at [/Users/java_re/workspace/8-2-build-macosx-x86_64/jdk8u131/8869/hotspot/src/share/vm/runtime/sharedRuntime.cpp, line 605]
Event: 1424918.572 Thread 0x00007fc37208f800 Exception <a 'sun/nio/fs/UnixException'> (0x00000007b74a0720) thrown at [/Users/java_re/workspace/8-2-build-macosx-x86_64/jdk8u131/8869/hotspot/src/share/vm/prims/jni.cpp, line 709]
Event: 1424918.574 Thread 0x00007fc37208f800 Exception <a 'sun/nio/fs/UnixException'> (0x00000007b74a1380) thrown at [/Users/java_re/workspace/8-2-build-macosx-x86_64/jdk8u131/8869/hotspot/src/share/vm/prims/jni.cpp, line 709]
Event: 1424918.577 Thread 0x00007fc37208f800 Exception <a 'java/io/FileNotFoundException'> (0x00000007b74a5938) thrown at [/Users/java_re/workspace/8-2-build-macosx-x86_64/jdk8u131/8869/hotspot/src/share/vm/prims/jni.cpp, line 709]
Event: 1425195.029 Thread 0x00007fc37104d000 Implicit null exception at 0x00000001199a5e74 to 0x00000001199a6056
Event: 1425195.030 Thread 0x00007fc37104d000 Exception <a 'java/lang/NullPointerException'> (0x0000000795c8c3a8) thrown at [/Users/java_re/workspace/8-2-build-macosx-x86_64/jdk8u131/8869/hotspot/src/share/vm/runtime/sharedRuntime.cpp, line 605]

Events (10 events):
Event: 1425193.632 Executing VM operation: RevokeBias done
Event: 1425193.765 Thread 0x00007fc372303800 Thread added: 0x00007fc372303800
Event: 1425194.255 Executing VM operation: ParallelGCFailedAllocation
Event: 1425195.008 Executing VM operation: ParallelGCFailedAllocation done
Event: 1425195.008 Executing VM operation: FindDeadlocks
Event: 1425195.009 Executing VM operation: FindDeadlocks done
Event: 1425195.020 Executing VM operation: RevokeBias
Event: 1425195.029 Executing VM operation: RevokeBias done
Event: 1425195.104 Executing VM operation: RevokeBias
Event: 1425195.108 Executing VM operation: RevokeBias done


Dynamic libraries:
0x000000001de6d000 	/System/Library/Frameworks/Cocoa.framework/Versions/A/Cocoa
0x000000001de6d000 	/System/Library/Frameworks/Security.framework/Versions/A/Security
0x000000001de6d000 	/System/Library/Frameworks/ApplicationServices.framework/Versions/A/ApplicationServices
0x000000001de6d000 	/usr/lib/libz.1.dylib
0x000000001de6d000 	/usr/lib/libSystem.B.dylib
0x000000001de6d000 	/usr/lib/libobjc.A.dylib
0x000000001de6d000 	/System/Library/Frameworks/CoreFoundation.framework/Versions/A/CoreFoundation
0x000000001de6d000 	/System/Library/Frameworks/Foundation.framework/Versions/C/Foundation
0x000000001de6d000 	/System/Library/Frameworks/AppKit.framework/Versions/C/AppKit
0x000000001de6d000 	/System/Library/Frameworks/CoreData.framework/Versions/A/CoreData
0x000000001de6d000 	/System/Library/PrivateFrameworks/RemoteViewServices.framework/Versions/A/RemoteViewServices
0x000000001de6d000 	/System/Library/PrivateFrameworks/UIFoundation.framework/Versions/A/UIFoundation
0x000000001de6d000 	/System/Library/PrivateFrameworks/DFRFoundation.framework/Versions/A/DFRFoundation
0x000000001de6d000 	/usr/lib/libenergytrace.dylib
0x000000001de6d000 	/System/Library/PrivateFrameworks/SkyLight.framework/Versions/A/SkyLight
0x000000001de6d000 	/System/Library/Frameworks/CoreGraphics.framework/Versions/A/CoreGraphics
0x000000001de6d000 	/usr/lib/libScreenReader.dylib
0x000000001de6d000 	/System/Library/Frameworks/Accelerate.framework/Versions/A/Accelerate
0x000000001de6d000 	/System/Library/Frameworks/IOSurface.framework/Versions/A/IOSurface
0x000000001de6d000 	/System/Library/Frameworks/AudioToolbox.framework/Versions/A/AudioToolbox
0x000000001de6d000 	/System/Library/Frameworks/AudioUnit.framework/Versions/A/AudioUnit
0x000000001de6d000 	/System/Library/PrivateFrameworks/DataDetectorsCore.framework/Versions/A/DataDetectorsCore
0x000000001de6d000 	/System/Library/PrivateFrameworks/DesktopServicesPriv.framework/Versions/A/DesktopServicesPriv
0x000000001de6d000 	/System/Library/Frameworks/Carbon.framework/Versions/A/Frameworks/HIToolbox.framework/Versions/A/HIToolbox
0x000000001de6d000 	/usr/lib/libicucore.A.dylib
0x000000001de6d000 	/System/Library/Frameworks/QuartzCore.framework/Versions/A/QuartzCore
0x000000001de6d000 	/System/Library/Frameworks/Carbon.framework/Versions/A/Frameworks/SpeechRecognition.framework/Versions/A/SpeechRecognition
0x000000001de6d000 	/usr/lib/libauto.dylib
0x000000001de6d000 	/usr/lib/libxml2.2.dylib
0x000000001de6d000 	/System/Library/PrivateFrameworks/CoreUI.framework/Versions/A/CoreUI
0x000000001de6d000 	/System/Library/Frameworks/CoreAudio.framework/Versions/A/CoreAudio
0x000000001de6d000 	/System/Library/Frameworks/DiskArbitration.framework/Versions/A/DiskArbitration
0x000000001de6d000 	/usr/lib/liblangid.dylib
0x000000001de6d000 	/System/Library/PrivateFrameworks/MultitouchSupport.framework/Versions/A/MultitouchSupport
0x000000001de6d000 	/System/Library/Frameworks/IOKit.framework/Versions/A/IOKit
0x000000001de6d000 	/usr/lib/libDiagnosticMessagesClient.dylib
0x000000001de6d000 	/System/Library/Frameworks/CoreServices.framework/Versions/A/CoreServices
0x000000001de6d000 	/System/Library/PrivateFrameworks/PerformanceAnalysis.framework/Versions/A/PerformanceAnalysis
0x000000001de6d000 	/System/Library/PrivateFrameworks/GenerationalStorage.framework/Versions/A/GenerationalStorage
0x000000001de6d000 	/System/Library/Frameworks/OpenGL.framework/Versions/A/OpenGL
0x000000001de6d000 	/System/Library/Frameworks/CoreImage.framework/Versions/A/CoreImage
0x000000001de6d000 	/System/Library/Frameworks/CoreText.framework/Versions/A/CoreText
0x000000001de6d000 	/System/Library/Frameworks/ImageIO.framework/Versions/A/ImageIO
0x000000001de6d000 	/System/Library/PrivateFrameworks/Backup.framework/Versions/A/Backup
0x000000001de6d000 	/usr/lib/libarchive.2.dylib
0x000000001de6d000 	/System/Library/Frameworks/CFNetwork.framework/Versions/A/CFNetwork
0x000000001de6d000 	/System/Library/Frameworks/SystemConfiguration.framework/Versions/A/SystemConfiguration
0x000000001de6d000 	/usr/lib/libCRFSuite.dylib
0x000000001de6d000 	/usr/lib/libc++.1.dylib
0x000000001de6d000 	/usr/lib/libc++abi.dylib
0x000000001de6d000 	/usr/lib/system/libcache.dylib
0x000000001de6d000 	/usr/lib/system/libcommonCrypto.dylib
0x000000001de6d000 	/usr/lib/system/libcompiler_rt.dylib
0x000000001de6d000 	/usr/lib/system/libcopyfile.dylib
0x000000001de6d000 	/usr/lib/system/libcorecrypto.dylib
0x000000001de6d000 	/usr/lib/system/libdispatch.dylib
0x000000001de6d000 	/usr/lib/system/libdyld.dylib
0x000000001de6d000 	/usr/lib/system/libkeymgr.dylib
0x000000001de6d000 	/usr/lib/system/liblaunch.dylib
0x000000001de6d000 	/usr/lib/system/libmacho.dylib
0x000000001de6d000 	/usr/lib/system/libquarantine.dylib
0x000000001de6d000 	/usr/lib/system/libremovefile.dylib
0x000000001de6d000 	/usr/lib/system/libsystem_asl.dylib
0x000000001de6d000 	/usr/lib/system/libsystem_blocks.dylib
0x000000001de6d000 	/usr/lib/system/libsystem_c.dylib
0x000000001de6d000 	/usr/lib/system/libsystem_configuration.dylib
0x000000001de6d000 	/usr/lib/system/libsystem_coreservices.dylib
0x000000001de6d000 	/usr/lib/system/libsystem_coretls.dylib
0x000000001de6d000 	/usr/lib/system/libsystem_dnssd.dylib
0x000000001de6d000 	/usr/lib/system/libsystem_info.dylib
0x000000001de6d000 	/usr/lib/system/libsystem_kernel.dylib
0x000000001de6d000 	/usr/lib/system/libsystem_m.dylib
0x000000001de6d000 	/usr/lib/system/libsystem_malloc.dylib
0x000000001de6d000 	/usr/lib/system/libsystem_network.dylib
0x000000001de6d000 	/usr/lib/system/libsystem_networkextension.dylib
0x000000001de6d000 	/usr/lib/system/libsystem_notify.dylib
0x000000001de6d000 	/usr/lib/system/libsystem_platform.dylib
0x000000001de6d000 	/usr/lib/system/libsystem_pthread.dylib
0x000000001de6d000 	/usr/lib/system/libsystem_sandbox.dylib
0x000000001de6d000 	/usr/lib/system/libsystem_secinit.dylib
0x000000001de6d000 	/usr/lib/system/libsystem_symptoms.dylib
0x000000001de6d000 	/usr/lib/system/libsystem_trace.dylib
0x000000001de6d000 	/usr/lib/system/libunwind.dylib
0x000000001de6d000 	/usr/lib/system/libxpc.dylib
0x000000001de6d000 	/usr/lib/libbsm.0.dylib
0x000000001de6d000 	/usr/lib/system/libkxld.dylib
0x000000001de6d000 	/usr/lib/libcoretls.dylib
0x000000001de6d000 	/usr/lib/libcoretls_cfhelpers.dylib
0x000000001de6d000 	/usr/lib/libOpenScriptingUtil.dylib
0x000000001de6d000 	/usr/lib/libpam.2.dylib
0x000000001de6d000 	/usr/lib/libsqlite3.dylib
0x000000001de6d000 	/usr/lib/libxar.1.dylib
0x000000001de6d000 	/usr/lib/libbz2.1.0.dylib
0x000000001de6d000 	/usr/lib/liblzma.5.dylib
0x000000001de6d000 	/usr/lib/libnetwork.dylib
0x000000001de6d000 	/usr/lib/libpcap.A.dylib
0x000000001de6d000 	/System/Library/Frameworks/CoreServices.framework/Versions/A/Frameworks/FSEvents.framework/Versions/A/FSEvents
0x000000001de6d000 	/System/Library/Frameworks/CoreServices.framework/Versions/A/Frameworks/CarbonCore.framework/Versions/A/CarbonCore
0x000000001de6d000 	/System/Library/Frameworks/CoreServices.framework/Versions/A/Frameworks/Metadata.framework/Versions/A/Metadata
0x000000001de6d000 	/System/Library/Frameworks/CoreServices.framework/Versions/A/Frameworks/OSServices.framework/Versions/A/OSServices
0x000000001de6d000 	/System/Library/Frameworks/CoreServices.framework/Versions/A/Frameworks/SearchKit.framework/Versions/A/SearchKit
0x000000001de6d000 	/System/Library/Frameworks/CoreServices.framework/Versions/A/Frameworks/AE.framework/Versions/A/AE
0x000000001de6d000 	/System/Library/Frameworks/CoreServices.framework/Versions/A/Frameworks/LaunchServices.framework/Versions/A/LaunchServices
0x000000001de6d000 	/System/Library/Frameworks/CoreServices.framework/Versions/A/Frameworks/DictionaryServices.framework/Versions/A/DictionaryServices
0x000000001de6d000 	/System/Library/Frameworks/CoreServices.framework/Versions/A/Frameworks/SharedFileList.framework/Versions/A/SharedFileList
0x000000001de6d000 	/System/Library/Frameworks/NetFS.framework/Versions/A/NetFS
0x000000001de6d000 	/System/Library/PrivateFrameworks/NetAuth.framework/Versions/A/NetAuth
0x000000001de6d000 	/System/Library/PrivateFrameworks/login.framework/Versions/A/Frameworks/loginsupport.framework/Versions/A/loginsupport
0x000000001de6d000 	/System/Library/PrivateFrameworks/TCC.framework/Versions/A/TCC
0x000000001de6d000 	/usr/lib/libmecabra.dylib
0x000000001de6d000 	/System/Library/Frameworks/ApplicationServices.framework/Versions/A/Frameworks/ATS.framework/Versions/A/ATS
0x000000001de6d000 	/System/Library/Frameworks/ApplicationServices.framework/Versions/A/Frameworks/ColorSync.framework/Versions/A/ColorSync
0x000000001de6d000 	/System/Library/Frameworks/ApplicationServices.framework/Versions/A/Frameworks/HIServices.framework/Versions/A/HIServices
0x000000001de6d000 	/System/Library/Frameworks/ApplicationServices.framework/Versions/A/Frameworks/LangAnalysis.framework/Versions/A/LangAnalysis
0x000000001de6d000 	/System/Library/Frameworks/ApplicationServices.framework/Versions/A/Frameworks/PrintCore.framework/Versions/A/PrintCore
0x000000001de6d000 	/System/Library/Frameworks/ApplicationServices.framework/Versions/A/Frameworks/QD.framework/Versions/A/QD
0x000000001de6d000 	/System/Library/Frameworks/ApplicationServices.framework/Versions/A/Frameworks/SpeechSynthesis.framework/Versions/A/SpeechSynthesis
0x000000001de6d000 	/System/Library/Frameworks/Accelerate.framework/Versions/A/Frameworks/vImage.framework/Versions/A/vImage
0x000000001de6d000 	/System/Library/Frameworks/Accelerate.framework/Versions/A/Frameworks/vecLib.framework/Versions/A/vecLib
0x000000001de6d000 	/System/Library/Frameworks/Accelerate.framework/Versions/A/Frameworks/vecLib.framework/Versions/A/libvDSP.dylib
0x000000001de6d000 	/System/Library/Frameworks/Accelerate.framework/Versions/A/Frameworks/vecLib.framework/Versions/A/libBNNS.dylib
0x000000001de6d000 	/System/Library/Frameworks/Accelerate.framework/Versions/A/Frameworks/vecLib.framework/Versions/A/libQuadrature.dylib
0x000000001de6d000 	/System/Library/Frameworks/Accelerate.framework/Versions/A/Frameworks/vecLib.framework/Versions/A/libvMisc.dylib
0x000000001de6d000 	/System/Library/Frameworks/Accelerate.framework/Versions/A/Frameworks/vecLib.framework/Versions/A/libLAPACK.dylib
0x000000001de6d000 	/System/Library/Frameworks/Accelerate.framework/Versions/A/Frameworks/vecLib.framework/Versions/A/libBLAS.dylib
0x000000001de6d000 	/System/Library/Frameworks/Accelerate.framework/Versions/A/Frameworks/vecLib.framework/Versions/A/libLinearAlgebra.dylib
0x000000001de6d000 	/System/Library/Frameworks/Accelerate.framework/Versions/A/Frameworks/vecLib.framework/Versions/A/libSparseBLAS.dylib
0x000000001de6d000 	/System/Library/Frameworks/ApplicationServices.framework/Versions/A/Frameworks/ATS.framework/Versions/A/Resources/libFontParser.dylib
0x000000001de6d000 	/System/Library/Frameworks/ApplicationServices.framework/Versions/A/Frameworks/ATS.framework/Versions/A/Resources/libFontRegistry.dylib
0x000000001de6d000 	/System/Library/Frameworks/ImageIO.framework/Versions/A/Resources/libJPEG.dylib
0x000000001de6d000 	/System/Library/Frameworks/ImageIO.framework/Versions/A/Resources/libTIFF.dylib
0x000000001de6d000 	/System/Library/Frameworks/ImageIO.framework/Versions/A/Resources/libPng.dylib
0x000000001de6d000 	/System/Library/Frameworks/ImageIO.framework/Versions/A/Resources/libGIF.dylib
0x000000001de6d000 	/System/Library/Frameworks/ImageIO.framework/Versions/A/Resources/libJP2.dylib
0x000000001de6d000 	/System/Library/Frameworks/ImageIO.framework/Versions/A/Resources/libRadiance.dylib
0x000000001de6d000 	/usr/lib/libcompression.dylib
0x000000001de6d000 	/System/Library/PrivateFrameworks/AppleJPEG.framework/Versions/A/AppleJPEG
0x000000001de6d000 	/usr/lib/libcups.2.dylib
0x000000001de6d000 	/System/Library/Frameworks/Kerberos.framework/Versions/A/Kerberos
0x000000001de6d000 	/System/Library/Frameworks/GSS.framework/Versions/A/GSS
0x000000001de6d000 	/usr/lib/libresolv.9.dylib
0x000000001de6d000 	/usr/lib/libiconv.2.dylib
0x000000001de6d000 	/System/Library/PrivateFrameworks/Heimdal.framework/Versions/A/Heimdal
0x000000001de6d000 	/usr/lib/libheimdal-asn1.dylib
0x000000001de6d000 	/System/Library/Frameworks/OpenDirectory.framework/Versions/A/OpenDirectory
0x000000001de6d000 	/System/Library/PrivateFrameworks/CommonAuth.framework/Versions/A/CommonAuth
0x000000001de6d000 	/System/Library/Frameworks/OpenDirectory.framework/Versions/A/Frameworks/CFOpenDirectory.framework/Versions/A/CFOpenDirectory
0x000000001de6d000 	/System/Library/Frameworks/SecurityFoundation.framework/Versions/A/SecurityFoundation
0x000000001de6d000 	/System/Library/PrivateFrameworks/LanguageModeling.framework/Versions/A/LanguageModeling
0x000000001de6d000 	/usr/lib/libmarisa.dylib
0x000000001de6d000 	/usr/lib/libChineseTokenizer.dylib
0x000000001de6d000 	/usr/lib/libcmph.dylib
0x000000001de6d000 	/System/Library/PrivateFrameworks/CoreEmoji.framework/Versions/A/CoreEmoji
0x000000001de6d000 	/System/Library/Frameworks/ServiceManagement.framework/Versions/A/ServiceManagement
0x000000001de6d000 	/usr/lib/libxslt.1.dylib
0x000000001de6d000 	/System/Library/Frameworks/Carbon.framework/Versions/A/Frameworks/Ink.framework/Versions/A/Ink
0x000000001de6d000 	/System/Library/PrivateFrameworks/TextureIO.framework/Versions/A/TextureIO
0x000000001de6d000 	/System/Library/Frameworks/Metal.framework/Versions/A/Metal
0x000000001de6d000 	/usr/lib/libate.dylib
0x000000001de6d000 	/System/Library/PrivateFrameworks/GPUCompiler.framework/libmetal_timestamp.dylib
0x000000001de6d000 	/System/Library/Frameworks/OpenGL.framework/Versions/A/Libraries/libCoreFSCache.dylib
0x000000001de6d000 	/System/Library/PrivateFrameworks/IOAccelerator.framework/Versions/A/IOAccelerator
0x000000001de6d000 	/System/Library/Frameworks/CoreVideo.framework/Versions/A/CoreVideo
0x000000001de6d000 	/usr/lib/libFosl_dynamic.dylib
0x000000001de6d000 	/System/Library/PrivateFrameworks/MetalPerformanceShaders.framework/Versions/A/MetalPerformanceShaders
0x000000001de6d000 	/System/Library/PrivateFrameworks/FaceCore.framework/Versions/A/FaceCore
0x000000001de6d000 	/System/Library/Frameworks/OpenCL.framework/Versions/A/OpenCL
0x000000001de6d000 	/System/Library/Frameworks/OpenGL.framework/Versions/A/Libraries/libGLU.dylib
0x000000001de6d000 	/System/Library/Frameworks/OpenGL.framework/Versions/A/Libraries/libGFXShared.dylib
0x000000001de6d000 	/System/Library/Frameworks/OpenGL.framework/Versions/A/Libraries/libGL.dylib
0x000000001de6d000 	/System/Library/Frameworks/OpenGL.framework/Versions/A/Libraries/libGLImage.dylib
0x000000001de6d000 	/System/Library/Frameworks/OpenGL.framework/Versions/A/Libraries/libCVMSPluginSupport.dylib
0x000000001de6d000 	/System/Library/Frameworks/OpenGL.framework/Versions/A/Libraries/libCoreVMClient.dylib
0x000000001de6d000 	/System/Library/PrivateFrameworks/CrashReporterSupport.framework/Versions/A/CrashReporterSupport
0x000000001de6d000 	/System/Library/PrivateFrameworks/Sharing.framework/Versions/A/Sharing
0x000000001de6d000 	/System/Library/PrivateFrameworks/IconServices.framework/Versions/A/IconServices
0x000000001de6d000 	/System/Library/PrivateFrameworks/ProtocolBuffer.framework/Versions/A/ProtocolBuffer
0x000000001de6d000 	/System/Library/PrivateFrameworks/Apple80211.framework/Versions/A/Apple80211
0x000000001de6d000 	/System/Library/Frameworks/CoreWLAN.framework/Versions/A/CoreWLAN
0x000000001de6d000 	/System/Library/PrivateFrameworks/CoreUtils.framework/Versions/A/CoreUtils
0x000000001de6d000 	/System/Library/Frameworks/IOBluetooth.framework/Versions/A/IOBluetooth
0x000000001de6d000 	/System/Library/PrivateFrameworks/CoreWiFi.framework/Versions/A/CoreWiFi
0x000000001de6d000 	/System/Library/Frameworks/CoreBluetooth.framework/Versions/A/CoreBluetooth
0x000000001de6d000 	/System/Library/Frameworks/CoreDisplay.framework/Versions/A/CoreDisplay
0x000000001de6d000 	/System/Library/PrivateFrameworks/IOPresentment.framework/Versions/A/IOPresentment
0x000000001de6d000 	/System/Library/PrivateFrameworks/DSExternalDisplay.framework/Versions/A/DSExternalDisplay
0x000000001de6d000 	/System/Library/PrivateFrameworks/DebugSymbols.framework/Versions/A/DebugSymbols
0x000000001de6d000 	/System/Library/PrivateFrameworks/CoreSymbolication.framework/Versions/A/CoreSymbolication
0x000000001de6d000 	/System/Library/PrivateFrameworks/Symbolication.framework/Versions/A/Symbolication
0x000000001de6d000 	/System/Library/PrivateFrameworks/AppleFSCompression.framework/Versions/A/AppleFSCompression
0x000000001de6d000 	/System/Library/PrivateFrameworks/SpeechRecognitionCore.framework/Versions/A/SpeechRecognitionCore
0x000000001de6d000 	/System/Library/PrivateFrameworks/ChunkingLibrary.framework/Versions/A/ChunkingLibrary
0x000000010de00000 	/Library/Java/JavaVirtualMachines/jdk1.8.0_131.jdk/Contents/Home/jre/lib/server/libjvm.dylib
0x000000001de6d000 	/usr/lib/libstdc++.6.dylib
0x000000010d5eb000 	/Library/Java/JavaVirtualMachines/jdk1.8.0_131.jdk/Contents/Home/jre/lib/libverify.dylib
0x000000010eda3000 	/Library/Java/JavaVirtualMachines/jdk1.8.0_131.jdk/Contents/Home/jre/lib/libjava.dylib
0x000000010ede0000 	/Library/Java/JavaVirtualMachines/jdk1.8.0_131.jdk/Contents/Home/jre/lib/libzip.dylib
0x000000011574c000 	/System/Library/Frameworks/JavaVM.framework/Frameworks/JavaRuntimeSupport.framework/JavaRuntimeSupport
0x0000000115766000 	/System/Library/Frameworks/JavaVM.framework/Versions/A/Frameworks/JavaNativeFoundation.framework/Versions/A/JavaNativeFoundation
0x000000011577b000 	/System/Library/Frameworks/JavaVM.framework/Versions/A/JavaVM
0x000000001de6d000 	/System/Library/Frameworks/Carbon.framework/Versions/A/Carbon
0x0000000115788000 	/System/Library/PrivateFrameworks/JavaLaunching.framework/Versions/A/JavaLaunching
0x000000001de6d000 	/System/Library/Frameworks/Carbon.framework/Versions/A/Frameworks/CommonPanels.framework/Versions/A/CommonPanels
0x000000001de6d000 	/System/Library/Frameworks/Carbon.framework/Versions/A/Frameworks/Help.framework/Versions/A/Help
0x000000001de6d000 	/System/Library/Frameworks/Carbon.framework/Versions/A/Frameworks/ImageCapture.framework/Versions/A/ImageCapture
0x000000001de6d000 	/System/Library/Frameworks/Carbon.framework/Versions/A/Frameworks/OpenScripting.framework/Versions/A/OpenScripting
0x000000001de6d000 	/System/Library/Frameworks/Carbon.framework/Versions/A/Frameworks/Print.framework/Versions/A/Print
0x000000001de6d000 	/System/Library/Frameworks/Carbon.framework/Versions/A/Frameworks/SecurityHI.framework/Versions/A/SecurityHI
0x0000000117097000 	/Library/Java/JavaVirtualMachines/jdk1.8.0_131.jdk/Contents/Home/jre/lib/libnio.dylib
0x00000001170a7000 	/Library/Java/JavaVirtualMachines/jdk1.8.0_131.jdk/Contents/Home/jre/lib/./libnet.dylib
0x00000001171a3000 	/Library/Java/JavaVirtualMachines/jdk1.8.0_131.jdk/Contents/Home/jre/lib/libawt.dylib
0x000000011724b000 	/Library/Java/JavaVirtualMachines/jdk1.8.0_131.jdk/Contents/Home/jre/lib/./libmlib_image.dylib
0x0000000117317000 	/Library/Java/JavaVirtualMachines/jdk1.8.0_131.jdk/Contents/Home/jre/lib/libawt_lwawt.dylib
0x00000001173ce000 	/Library/Java/JavaVirtualMachines/jdk1.8.0_131.jdk/Contents/Home/jre/lib/./libosxapp.dylib
0x000000001de6d000 	/System/Library/Frameworks/ExceptionHandling.framework/Versions/A/ExceptionHandling
0x000000001de6d000 	/System/Library/PrivateFrameworks/CoreServicesInternal.framework/Versions/A/CoreServicesInternal
0x000000001de6d000 	/System/Library/CoreServices/RawCamera.bundle/Contents/MacOS/RawCamera
0x000000011796b000 	/System/Library/Frameworks/Accelerate.framework/Frameworks/vImage.framework/Versions/A/Libraries/libCGInterfaces.dylib
0x000000001de6d000 	/System/Library/Frameworks/ApplicationServices.framework/Versions/A/Frameworks/ATS.framework/Versions/A/Resources/libTrueTypeScaler.dylib
0x0000000118edf000 	/System/Library/Frameworks/OpenGL.framework/Resources/GLEngine.bundle/GLEngine
0x000000001de6d000 	/System/Library/Frameworks/OpenGL.framework/Versions/A/Libraries/libGLProgrammability.dylib
0x000000012baa2000 	/System/Library/Extensions/AppleIntelBDWGraphicsGLDriver.bundle/Contents/MacOS/AppleIntelBDWGraphicsGLDriver
0x000000001de6d000 	/System/Library/PrivateFrameworks/GPUSupport.framework/Versions/A/Libraries/libGPUSupportMercury.dylib
0x00000001190c5000 	/System/Library/Frameworks/OpenGL.framework/Resources//GLRendererFloat.bundle/GLRendererFloat
0x000000001de6d000 	/System/Library/Frameworks/OpenCL.framework/Versions/A/Libraries/libcldcpuengine.dylib
0x000000001de6d000 	/usr/lib/libcrypto.0.9.8.dylib
0x000000001de6d000 	/System/Library/PrivateFrameworks/TrustEvaluationAgent.framework/Versions/A/TrustEvaluationAgent
0x00000001190f9000 	/System/Library/Extensions/AppleIntelBDWGraphicsMTLDriver.bundle/Contents/MacOS/AppleIntelBDWGraphicsMTLDriver
0x000000001de6d000 	/System/Library/PrivateFrameworks/FamilyControls.framework/Versions/A/FamilyControls
0x000000001de6d000 	/System/Library/PrivateFrameworks/CommerceKit.framework/Versions/A/Frameworks/CommerceCore.framework/Versions/A/CommerceCore
0x000000001de6d000 	/System/Library/PrivateFrameworks/SystemAdministration.framework/Versions/A/SystemAdministration
0x000000001de6d000 	/System/Library/PrivateFrameworks/AppContainer.framework/Versions/A/AppContainer
0x000000001de6d000 	/System/Library/PrivateFrameworks/SecCodeWrapper.framework/Versions/A/SecCodeWrapper
0x000000001de6d000 	/System/Library/Frameworks/DirectoryService.framework/Versions/A/DirectoryService
0x000000001de6d000 	/System/Library/PrivateFrameworks/DiskImages.framework/Versions/A/DiskImages
0x000000001de6d000 	/System/Library/PrivateFrameworks/LoginUIKit.framework/Versions/A/Frameworks/LoginUICore.framework/Versions/A/LoginUICore
0x000000001de6d000 	/usr/lib/libCoreStorage.dylib
0x000000001de6d000 	/usr/lib/libcsfde.dylib
0x000000001de6d000 	/usr/lib/libodfde.dylib
0x000000001de6d000 	/System/Library/Frameworks/DiscRecording.framework/Versions/A/DiscRecording
0x000000001de6d000 	/usr/lib/libcurl.4.dylib
0x000000001de6d000 	/System/Library/PrivateFrameworks/MediaKit.framework/Versions/A/MediaKit
0x000000001de6d000 	/System/Library/PrivateFrameworks/ProtectedCloudStorage.framework/Versions/A/ProtectedCloudStorage
0x000000001de6d000 	/System/Library/PrivateFrameworks/EFILogin.framework/Versions/A/EFILogin
0x000000001de6d000 	/usr/lib/libutil.dylib
0x000000001de6d000 	/System/Library/Frameworks/LDAP.framework/Versions/A/LDAP
0x000000001de6d000 	/usr/lib/libsasl2.2.dylib
0x000000001de6d000 	/System/Library/PrivateFrameworks/CoreDaemon.framework/Versions/B/CoreDaemon
0x000000001de6d000 	/System/Library/PrivateFrameworks/AppleSRP.framework/Versions/A/AppleSRP
0x000000001de6d000 	/System/Library/PrivateFrameworks/APFS.framework/Versions/A/APFS
0x000000001de6d000 	/System/Library/PrivateFrameworks/ViewBridge.framework/Versions/A/ViewBridge
0x000000001de6d000 	/System/Library/PrivateFrameworks/XPCService.framework/Versions/A/XPCService
0x000000001de6d000 	/System/Library/PrivateFrameworks/AppSandbox.framework/Versions/A/AppSandbox
0x000000001de6d000 	/usr/lib/libsandbox.1.dylib
0x000000001de6d000 	/usr/lib/libMatch.1.dylib
0x000000012e0ef000 	/Library/Java/JavaVirtualMachines/jdk1.8.0_131.jdk/Contents/Home/jre/lib/libsplashscreen.dylib
0x000000012e148000 	/Library/Java/JavaVirtualMachines/jdk1.8.0_131.jdk/Contents/Home/jre/lib/libfontmanager.dylib
0x0000000118ed2000 	/Library/Java/JavaVirtualMachines/jdk1.8.0_131.jdk/Contents/Home/jre/lib/libosxui.dylib
0x0000000132809000 	/Applications/NetBeans/Apache NetBeans 11.1.app/Contents/Resources/NetBeans/platform/modules/lib/libjnidispatch-440.jnilib
0x000000011717f000 	/Library/Java/JavaVirtualMachines/jdk1.8.0_131.jdk/Contents/Home/jre/lib/libmanagement.dylib
0x000000012ef33000 	/Library/Java/JavaVirtualMachines/jdk1.8.0_131.jdk/Contents/Home/jre/lib/libdcpr.dylib
0x0000000118cc6000 	/Library/Java/JavaVirtualMachines/jdk1.8.0_131.jdk/Contents/Home/jre/lib/libjpeg.dylib
0x000000001de6d000 	/System/Library/PrivateFrameworks/CloudDocs.framework/Versions/A/CloudDocs
0x000000001de6d000 	/System/Library/Frameworks/CloudKit.framework/Versions/A/CloudKit
0x000000001de6d000 	/System/Library/PrivateFrameworks/MMCS.framework/Versions/A/MMCS
0x000000001de6d000 	/System/Library/Frameworks/CoreLocation.framework/Versions/A/CoreLocation
0x000000001de6d000 	/System/Library/PrivateFrameworks/AssetCacheServices.framework/Versions/A/AssetCacheServices
0x000000001de6d000 	/System/Library/PrivateFrameworks/GeoServices.framework/Versions/A/GeoServices
0x000000001de6d000 	/System/Library/PrivateFrameworks/Shortcut.framework/Versions/A/Shortcut
0x000000001de6d000 	/System/Library/PrivateFrameworks/HelpData.framework/Versions/A/HelpData
0x000000012eef4000 	cl_kernels
0x000000015ef1f000 	/System/Library/Frameworks/OpenCL.framework/Versions/A/Libraries/ImageFormats/unorm8_bgra.dylib
0x0000000117b08000 	/Library/Java/JavaVirtualMachines/jdk1.8.0_131.jdk/Contents/Home/jre/lib/libsunec.dylib

VM Arguments:
jvm_args: -Djdk.home=/Library/Java/JavaVirtualMachines/jdk1.8.0_131.jdk/Contents/Home -Dnetbeans.default_userdir_root=/Users/dthurston/Library/Application Support/NetBeans -Dnetbeans.dirs=/Applications/NetBeans/Apache NetBeans 11.1.app/Contents/Resources/NetBeans/nb:/Applications/NetBeans/Apache NetBeans 11.1.app/Contents/Resources/NetBeans/ergonomics:/Applications/NetBeans/Apache NetBeans 11.1.app/Contents/Resources/NetBeans/ide:/Applications/NetBeans/Apache NetBeans 11.1.app/Contents/Resources/NetBeans/extide:/Applications/NetBeans/Apache NetBeans 11.1.app/Contents/Resources/NetBeans/java:/Applications/NetBeans/Apache NetBeans 11.1.app/Contents/Resources/NetBeans/apisupport:/Applications/NetBeans/Apache NetBeans 11.1.app/Contents/Resources/NetBeans/webcommon:/Applications/NetBeans/Apache NetBeans 11.1.app/Contents/Resources/NetBeans/websvccommon:/Applications/NetBeans/Apache NetBeans 11.1.app/Contents/Resources/NetBeans/enterprise:/Applications/NetBeans/Apache NetBeans 11.1.app/Contents/Resources/NetBeans/mobility:/Applications/NetBeans/Apache NetBeans 11.1.app/Contents/Resources/NetBeans/profiler:/Applications/NetBeans/Apache NetBeans 11.1.app/Contents/Resources/NetBeans/python:/Applications/NetBeans/Apache NetBeans 11.1.app/Contents/Resources/NetBeans/php:/Applications/NetBeans/Apache NetBeans 11.1.app/Contents/Resources/NetBeans/identity:/Applications/NetBeans/Apache NetBeans 11.1.app/Contents/Resources/NetBeans/harness:/Applications/NetBeans/Apache NetBeans 11.1.app/Contents/Resources/NetBeans/cnd:/Applications/NetBeans/Apache NetBeans 11.1.app/Contents/Resources/NetBeans/cndext:/Applications/NetBeans/Apache NetBeans 11.1.app/Contents/Resources/NetBeans/dlight:/Applications/NetBeans/Apache NetBeans 11.1.app/Contents/Resources/NetBeans/groovy:/Applications/NetBeans/Apache NetBeans 11.1.app/Contents/Resources/NetBeans/extra:/Applications/NetBeans/Apache NetBeans 11.1.app/Contents/Resources/NetBeans/javacard:/Applications/NetBeans/Apache NetBeans 11.1.app/Contents/Resources/NetBeans/javafx: -Dnetbeans.home=/Applications/NetBeans/Apache NetBeans 11.1.app/Contents/Resources/NetBeans/platform -Dnetbeans.importclass=org.netbeans.upgrade.AutoUpgrade -XX:+UseStringDeduplication -Xss2m -Djdk.gtk.version=2.2 -Dapple.laf.useScreenMenuBar=true -Dapple.awt.graphics.UseQuartz=true -Dsun.java2d.noddraw=true -Dsun.java2d.dpiaware=true -Dsun.zip.disableMemoryMapping=true -Dplugin.manager.check.updates=false -Dnetbeans.extbrowser.manual_chrome_plugin_install=yes --add-opens=java.base/java.net=ALL-UNNAMED --add-opens=java.base/java.lang.ref=ALL-UNNAMED --add-opens=java.base/java.lang=ALL-UNNAMED --add-opens=java.base/java.security=ALL-UNNAMED --add-opens=java.base/java.util=ALL-UNNAMED --add-opens=java.desktop/javax.swing.plaf.basic=ALL-UNNAMED --add-opens=java.desktop/javax.swing.text=ALL-UNNAMED --add-opens=java.desktop/javax.swing=ALL-UNNAMED --add-opens=java.desktop/java.awt=ALL-UNNAMED --add-opens=java.desktop/java.awt.event=ALL-UNNAMED --add-opens=java.prefs/java.util.prefs=ALL-UNNAMED --add-opens=jdk.jshell/jdk.jshell=ALL-UNNAMED --add-modules=jdk.jshell --add-exports=java.desktop/sun.awt=ALL-UNNAMED --add-exports=java.desktop/java.awt.peer=ALL-UNNAMED --add-exports=java.desktop/com.sun.beans.editors=ALL-UNNAMED --add-exports=java.desktop/sun.swing=ALL-UNNAMED --add-exports=java.desktop/sun.awt.im=ALL-UNNAMED --add-exports=jdk.internal.jvmstat/sun.jvmstat.monitor=ALL-UNNAMED --add-exports=java.management/sun.management=ALL-UNNAMED --add-exports=java.base/sun.reflect.annotation=ALL-UNNAMED --add-exports=jdk.javadoc/com.sun.tools.javadoc.main=ALL-UNNAMED -XX:+IgnoreUnrecognizedVMOptions -XX:+HeapDumpOnOutOfMemoryError -XX:HeapDumpPath=/Users/dthurston/Library/Application Support/NetBeans/11.1/var/log/heapdump.hprof 
java_command: org.netbeans.Main --cachedir /Users/dthurston/Library/Caches/NetBeans/11.1 --userdir /Users/dthurston/Library/Application Support/NetBeans/11.1 --branding nb
java_class_path (initial): /Applications/NetBeans/Apache NetBeans 11.1.app/Contents/Resources/NetBeans/platform/lib/boot.jar:/Applications/NetBeans/Apache NetBeans 11.1.app/Contents/Resources/NetBeans/platform/lib/org-openide-modules.jar:/Applications/NetBeans/Apache NetBeans 11.1.app/Contents/Resources/NetBeans/platform/lib/org-openide-util-lookup.jar:/Applications/NetBeans/Apache NetBeans 11.1.app/Contents/Resources/NetBeans/platform/lib/org-openide-util-ui.jar:/Applications/NetBeans/Apache NetBeans 11.1.app/Contents/Resources/NetBeans/platform/lib/org-openide-util.jar:/Library/Java/JavaVirtualMachines/jdk1.8.0_131.jdk/Contents/Home/lib/dt.jar:/Library/Java/JavaVirtualMachines/jdk1.8.0_131.jdk/Contents/Home/lib/tools.jar
Launcher Type: SUN_STANDARD

Environment Variables:
PATH=/Library/Frameworks/Python.framework/Versions/3.6/bin:/Users/dthurston/.rbenv/shims:/Library/Frameworks/Python.framework/Versions/2.7/bin:/usr/local/bin:/usr/bin:/bin:/usr/sbin:/sbin:/Library/Frameworks/Mono.framework/Versions/Current/Commands:/Applications/Wireshark.app/Contents/MacOS:/Users/dthurston/Projects
SHELL=/bin/bash

Signal Handlers:
SIGSEGV: [libjvm.dylib+0x5b1eb1], sa_mask[0]=11111111011111110111111111111111, sa_flags=SA_ONSTACK|SA_RESTART|SA_SIGINFO
SIGBUS: [libjvm.dylib+0x5b1eb1], sa_mask[0]=11111111011111110111111111111111, sa_flags=SA_RESTART|SA_SIGINFO
SIGFPE: [libjvm.dylib+0x488988], sa_mask[0]=11111111011111110111111111111111, sa_flags=SA_RESTART|SA_SIGINFO
SIGPIPE: [libjvm.dylib+0x488988], sa_mask[0]=11111111011111110111111111111111, sa_flags=SA_RESTART|SA_SIGINFO
SIGXFSZ: [libjvm.dylib+0x488988], sa_mask[0]=11111111011111110111111111111111, sa_flags=SA_RESTART|SA_SIGINFO
SIGILL: [libjvm.dylib+0x488988], sa_mask[0]=11111111011111110111111111111111, sa_flags=SA_RESTART|SA_SIGINFO
SIGUSR1: SIG_DFL, sa_mask[0]=11011111011111100000000111000110, sa_flags=none
SIGUSR2: [libjvm.dylib+0x4884a6], sa_mask[0]=00000000000000000000000000000000, sa_flags=SA_RESTART|SA_SIGINFO
SIGHUP: [libjvm.dylib+0x486a7d], sa_mask[0]=11111111011111110111111111111111, sa_flags=SA_RESTART|SA_SIGINFO
SIGINT: SIG_IGN, sa_mask[0]=00000000000000000000000000000000, sa_flags=none
SIGTERM: [libjvm.dylib+0x486a7d], sa_mask[0]=11111111011111110111111111111111, sa_flags=SA_RESTART|SA_SIGINFO
SIGQUIT: [libjvm.dylib+0x486a7d], sa_mask[0]=11111111011111110111111111111111, sa_flags=SA_RESTART|SA_SIGINFO


---------------  S Y S T E M  ---------------

OS:Bsduname:Darwin 16.7.0 Darwin Kernel Version 16.7.0: Sun Jun  2 20:26:31 PDT 2019; root:xnu-3789.73.50~1/RELEASE_X86_64 x86_64
rlimit: STACK 8192k, CORE 0k, NPROC 709, NOFILE 10240, AS infinity
load average:1.73 1.87 2.03

CPU:total 4 (initial active 4) (2 cores per cpu, 2 threads per core) family 6 model 61 stepping 4, cmov, cx8, fxsr, mmx, sse, sse2, sse3, ssse3, sse4.1, sse4.2, popcnt, avx, avx2, aes, clmul, erms, rtm, 3dnowpref, lzcnt, ht, tsc, tscinvbit, bmi1, bmi2, adx

Memory: 4k page, physical 8388608k(14944k free)

/proc/meminfo:


vm_info: Java HotSpot(TM) 64-Bit Server VM (25.131-b11) for bsd-amd64 JRE (1.8.0_131-b11), built on Mar 15 2017 01:32:22 by "java_re" with gcc 4.2.1 (Based on Apple Inc. build 5658) (LLVM build 2336.11.00)

time: Sat Nov 23 09:14:12 2019
elapsed time: 1425195 seconds (16d 11h 53m 15s)

